
[17:05:49][project][rep1][test-case][run1][verify]: INFO: Artifact: expected.csv
[17:05:49][project][rep1][test-case][run1][verify]: INFO: Found generated csv: generated.csv
[17:05:49][project][rep1][test-case][run1][verify]: INFO: Using config file from: validation_config.ini
[17:05:49][project][rep1][test-case][run1][verify]: INFO: ScaleFactor not defined, assuming scale_factor = 1
[17:05:49][project][rep1][test-case][run1][verify]: INFO: Generated CSV and artifact exactly matched for column(s) ['pdp_actives', 'closure_cause']
[17:05:49][project][rep1][test-case][run1][verify]: INFO: 2 column(s) passed
[17:05:49][project][rep1][test-case][run1][verify]: INFO: Generated CSV and artifact matched within relative tolerances for column(s) ['variance']
[17:05:49][project][rep1][test-case][run1][verify]: INFO: 1 column(s) passed
[17:05:49][project][rep1][test-case][run1][verify]: INFO: Generated CSV and artifact matched within absolute tolerances for column(s) ['abs_variance']
[17:05:49][project][rep1][test-case][run1][verify]: INFO: 1 column(s) passed
[17:05:49][project][rep1][test-case][run1][verify]: ALERT: Generated CSV and artifact did not match for summation ['total_bytes_DL']. Test failing
[17:05:49][project][rep1][test-case][run1][verify]: ALERT: Artifact saved to ./generated_FAIL_RUNINDEX_1.csv
[17:05:49][project][rep1][test-case][run1][verify]: ALERT: Column 'total_bytes_DL' expected 9  , but recieved 7 at row 1
[17:05:49][project][rep1][test-case][run1][verify]: ERROR: Artifact comparison Failed
[17:06:19][project][rep1][test-case][run1][verify]: INFO: Artifact: expected.csv
[17:06:19][project][rep1][test-case][run1][verify]: INFO: Found generated csv: generated.csv
[17:06:19][project][rep1][test-case][run1][verify]: INFO: Using config file from: validation_config.ini
[17:06:19][project][rep1][test-case][run1][verify]: INFO: ScaleFactor not defined, assuming scale_factor = 1
[17:06:19][project][rep1][test-case][run1][verify]: INFO: Generated CSV and artifact exactly matched for column(s) ['pdp_actives', 'closure_cause']
[17:06:19][project][rep1][test-case][run1][verify]: INFO: 2 column(s) passed
[17:06:19][project][rep1][test-case][run1][verify]: INFO: Generated CSV and artifact matched within relative tolerances for column(s) ['variance']
[17:06:19][project][rep1][test-case][run1][verify]: INFO: 1 column(s) passed
[17:06:19][project][rep1][test-case][run1][verify]: ALERT: Generated CSV and artifact did not match within absolute tolerances for column(s) ['abs_variance']. Test failing
[17:06:19][project][rep1][test-case][run1][verify]: ALERT: Artifact saved to ./generated_FAIL_RUNINDEX_1.csv
[17:06:19][project][rep1][test-case][run1][verify]: ALERT: Column 'abs_variance'(ScaleFactor=1) expected any value < 200.0, but recieved 201 at row 2
[17:06:19][project][rep1][test-case][run1][verify]: ERROR: Artifact comparison Failed
[17:08:24][project][rep1][test-case][run1][verify]: INFO: Artifact: expected.csv
[17:08:24][project][rep1][test-case][run1][verify]: INFO: Found generated csv: generated.csv
[17:08:24][project][rep1][test-case][run1][verify]: INFO: Using config file from: validation_config.ini
[17:08:24][project][rep1][test-case][run1][verify]: INFO: ScaleFactor not defined, assuming scale_factor = 1
[17:08:24][project][rep1][test-case][run1][verify]: INFO: Generated CSV and artifact exactly matched for column(s) ['pdp_actives', 'closure_cause']
[17:08:24][project][rep1][test-case][run1][verify]: INFO: 2 column(s) passed
[17:08:24][project][rep1][test-case][run1][verify]: INFO: Generated CSV and artifact matched within relative tolerances for column(s) ['variance']
[17:08:24][project][rep1][test-case][run1][verify]: INFO: 1 column(s) passed
[17:08:24][project][rep1][test-case][run1][verify]: ALERT: Generated CSV and artifact did not match within absolute tolerances for column(s) ['abs_variance']. Test failing
[17:08:24][project][rep1][test-case][run1][verify]: ALERT: Artifact saved to ./generated_FAIL_RUNINDEX_1.csv
[17:08:24][project][rep1][test-case][run1][verify]: ALERT: Column 'abs_variance'(ScaleFactor=1) expected any value < 200.0, but recieved 201 at row 2
[17:08:24][project][rep1][test-case][run1][verify]: ERROR: Artifact comparison Failed
[17:08:24][project][rep1][test-case][run1][verify]: INFO: Generated CSV and artifact exactly matched for summation of column(s) ['total_bytes_UL', 'total_bytes_DL']
[17:08:24][project][rep1][test-case][run1][verify]: INFO: 2 column(s) passed
[17:14:45][project][rep1][test-case][run1][verify]: INFO: Artifact: expected.csv
[17:14:45][project][rep1][test-case][run1][verify]: INFO: Found generated csv: generated.csv
[17:14:45][project][rep1][test-case][run1][verify]: INFO: Using config file from: validation_config.ini
[17:14:45][project][rep1][test-case][run1][verify]: INFO: ScaleFactor not defined, assuming scale_factor = 1
[17:14:45][project][rep1][test-case][run1][verify]: INFO: Generated CSV and artifact exactly matched for column(s) ['pdp_actives', 'closure_cause']
[17:14:45][project][rep1][test-case][run1][verify]: INFO: 2 column(s) passed
[17:14:45][project][rep1][test-case][run1][verify]: INFO: Generated CSV and artifact matched within relative tolerances for column(s) ['variance']
[17:14:45][project][rep1][test-case][run1][verify]: INFO: 1 column(s) passed
[17:14:45][project][rep1][test-case][run1][verify]: ALERT: Generated CSV and artifact did not match within absolute tolerances for column(s) ['abs_variance']. Test failing
[17:14:45][project][rep1][test-case][run1][verify]: ALERT: Artifact saved to ./generated_FAIL_RUNINDEX_1.csv
[17:14:45][project][rep1][test-case][run1][verify]: ALERT: Column 'abs_variance'(ScaleFactor=1) expected any value < 200.0, but recieved 201 at row 2
[17:14:45][project][rep1][test-case][run1][verify]: ERROR: Artifact comparison Failed
[17:14:45][project][rep1][test-case][run1][verify]: INFO: Generated CSV and artifact exactly matched for summation of column(s) ['total_bytes_UL', 'total_bytes_DL']
[17:14:45][project][rep1][test-case][run1][verify]: INFO: 2 column(s) passed
[17:14:45][project][rep1][test-case][run1][verify]: ERROR: Artifact comparison failed !
[17:15:12][project][rep1][test-case][run1][verify]: INFO: Artifact: expected.csv
[17:15:12][project][rep1][test-case][run1][verify]: INFO: Found generated csv: generated.csv
[17:15:12][project][rep1][test-case][run1][verify]: INFO: Using config file from: validation_config.ini
[17:15:12][project][rep1][test-case][run1][verify]: INFO: ScaleFactor not defined, assuming scale_factor = 1
[17:15:12][project][rep1][test-case][run1][verify]: INFO: Generated CSV and artifact exactly matched for column(s) ['pdp_actives', 'closure_cause']
[17:15:12][project][rep1][test-case][run1][verify]: INFO: 2 column(s) passed
[17:15:12][project][rep1][test-case][run1][verify]: INFO: Generated CSV and artifact matched within relative tolerances for column(s) ['variance']
[17:15:12][project][rep1][test-case][run1][verify]: INFO: 1 column(s) passed
[17:15:12][project][rep1][test-case][run1][verify]: INFO: Generated CSV and artifact matched within absolute tolerances for column(s) ['abs_variance']
[17:15:12][project][rep1][test-case][run1][verify]: INFO: 1 column(s) passed
[17:15:12][project][rep1][test-case][run1][verify]: INFO: Generated CSV and artifact exactly matched for summation of column(s) ['total_bytes_UL', 'total_bytes_DL']
[17:15:12][project][rep1][test-case][run1][verify]: INFO: 2 column(s) passed
[17:15:12][project][rep1][test-case][run1][verify]: INFO: Artifact comparison success !
[17:25:29][project][rep1][test-case][run1][verify]: INFO: Artifact: expected.csv
[17:25:29][project][rep1][test-case][run1][verify]: INFO: Found generated csv: generated.csv
[17:25:29][project][rep1][test-case][run1][verify]: INFO: Using config file from: validation_config.ini
[17:25:29][project][rep1][test-case][run1][verify]: INFO: ScaleFactor not defined, assuming scale_factor = 1
[17:25:29][project][rep1][test-case][run1][verify]: INFO: Generated CSV and artifact exactly matched for column(s) ['pdp_actives', 'closure_cause']
[17:25:29][project][rep1][test-case][run1][verify]: INFO: 2 column(s) passed
[17:25:30][project][rep1][test-case][run1][verify]: INFO: Generated CSV and artifact matched within relative tolerances for column(s) ['variance'] | 1 column(s) passed
[17:25:30][project][rep1][test-case][run1][verify]: INFO: Generated CSV and artifact matched within absolute tolerances for column(s) ['abs_variance'] | 1 column(s) passed
[17:25:30][project][rep1][test-case][run1][verify]: INFO: Generated CSV and artifact exactly matched for summation of column(s) ['total_bytes_UL', 'total_bytes_DL'] | 2 column(s) passed
[17:25:30][project][rep1][test-case][run1][verify]: INFO: Artifact comparison success !
[17:26:20][project][rep1][test-case][run1][verify]: INFO: Artifact: expected.csv
[17:26:20][project][rep1][test-case][run1][verify]: INFO: Found generated csv: generated.csv
[17:26:20][project][rep1][test-case][run1][verify]: INFO: Using config file from: validation_config.ini
[17:26:20][project][rep1][test-case][run1][verify]: INFO: ScaleFactor not defined, assuming scale_factor = 1
[17:26:20][project][rep1][test-case][run1][verify]: INFO: Generated CSV and artifact exactly matched for column(s) ['pdp_actives', 'closure_cause'] | 2 column(s) passed
[17:26:20][project][rep1][test-case][run1][verify]: INFO: Generated CSV and artifact matched within relative tolerances for column(s) ['variance'] | 1 column(s) passed
[17:26:20][project][rep1][test-case][run1][verify]: INFO: Generated CSV and artifact matched within absolute tolerances for column(s) ['abs_variance'] | 1 column(s) passed
[17:26:20][project][rep1][test-case][run1][verify]: INFO: Generated CSV and artifact exactly matched for summation of column(s) ['total_bytes_UL', 'total_bytes_DL'] | 2 column(s) passed
[17:26:20][project][rep1][test-case][run1][verify]: INFO: Artifact comparison success !
[17:28:48][project][rep1][test-case][run1][verify]: INFO: Artifact: expected.csv
[17:28:48][project][rep1][test-case][run1][verify]: INFO: Found generated csv: generated.csv
[17:28:48][project][rep1][test-case][run1][verify]: INFO: Using config file from: validation_config.ini
[17:28:48][project][rep1][test-case][run1][verify]: INFO: ScaleFactor not defined, assuming scale_factor = 1
[17:28:48][project][rep1][test-case][run1][verify]: INFO: Generated CSV and artifact matched exactly for column(s) ['pdp_actives', 'closure_cause'] | 2 column(s) passed
[17:28:48][project][rep1][test-case][run1][verify]: INFO: Generated CSV and artifact matched within relative tolerances for column(s) ['variance'] | 1 column(s) passed
[17:28:48][project][rep1][test-case][run1][verify]: INFO: Generated CSV and artifact matched within absolute tolerances for column(s) ['abs_variance'] | 1 column(s) passed
[17:28:48][project][rep1][test-case][run1][verify]: INFO: Generated CSV and artifact matched exactly for summation of column(s) ['total_bytes_UL', 'total_bytes_DL'] | 2 column(s) passed
[17:28:48][project][rep1][test-case][run1][verify]: INFO: Artifact comparison success !
[17:30:02][project][rep1][test-case][run1][verify]: INFO: Artifact: expected.csv
[17:30:02][project][rep1][test-case][run1][verify]: INFO: Found generated csv: generated.csv
[17:30:02][project][rep1][test-case][run1][verify]: INFO: Using config file from: validation_config.ini
[17:30:02][project][rep1][test-case][run1][verify]: ERROR: validation_config.ini is not a valid configuration file, is it validation_config.ini ?
[17:30:02][project][rep1][test-case][run1][verify]: ERROR: 'Fields_tobe_Included'' definition does not exist in validation_config.ini
[17:30:02][project][rep1][test-case][run1][verify]: INFO: ScaleFactor not defined, assuming scale_factor = 1
[17:30:37][project][rep1][test-case][run1][verify]: INFO: Artifact: expected.csv
[17:30:37][project][rep1][test-case][run1][verify]: INFO: Found generated csv: generated.csv
[17:30:37][project][rep1][test-case][run1][verify]: INFO: Using config file from: validation_config.ini
[17:30:37][project][rep1][test-case][run1][verify]: INFO: Generated CSV and artifact matched exactly for column(s) ['pdp_actives', 'closure_cause'] | 2 column(s) passed
[17:30:37][project][rep1][test-case][run1][verify]: INFO: Generated CSV and artifact matched within relative tolerances for column(s) ['variance'] | 1 column(s) passed
[17:30:37][project][rep1][test-case][run1][verify]: INFO: Generated CSV and artifact matched within absolute tolerances for column(s) ['abs_variance'] | 1 column(s) passed
[17:30:37][project][rep1][test-case][run1][verify]: INFO: Generated CSV and artifact matched exactly for summation of column(s) ['total_bytes_UL', 'total_bytes_DL'] | 2 column(s) passed
[17:30:37][project][rep1][test-case][run1][verify]: INFO: Artifact comparison success !
[17:33:03][project][rep1][test-case][run1][verify]: INFO: Artifact: expected.csv
[17:33:03][project][rep1][test-case][run1][verify]: INFO: Found generated csv: generated.csv
[17:33:03][project][rep1][test-case][run1][verify]: INFO: Using config file from: validation_config.ini
[17:33:03][project][rep1][test-case][run1][verify]: INFO: Generated CSV and artifact matched exactly for column(s) ['pdp_actives', 'closure_cause'] | 2 column(s) passed
[17:33:03][project][rep1][test-case][run1][verify]: ALERT: Generated CSV and artifact did not match within relative tolerances for column(s) ['variance']. Test failing
[17:33:03][project][rep1][test-case][run1][verify]: ALERT: Artifact saved to ./generated_FAIL_RUNINDEX_1.csv
[17:33:03][project][rep1][test-case][run1][verify]: ALERT: Column 'variance'(ScaleFactor=1) expected 6.3 ± 20.0%, but recieved 10.2 at row 2
[17:33:03][project][rep1][test-case][run1][verify]: ERROR: Artifact comparison Failed
[17:33:03][project][rep1][test-case][run1][verify]: INFO: Generated CSV and artifact matched within absolute tolerances for column(s) ['abs_variance'] | 1 column(s) passed
[17:33:03][project][rep1][test-case][run1][verify]: INFO: Generated CSV and artifact matched exactly for summation of column(s) ['total_bytes_UL', 'total_bytes_DL'] | 2 column(s) passed
[17:33:03][project][rep1][test-case][run1][verify]: ERROR: Artifact comparison failed !
[17:34:22][project][rep1][test-case][run1][verify]: INFO: Artifact: expected.csv
[17:34:22][project][rep1][test-case][run1][verify]: INFO: Found generated csv: generated.csv
[17:34:22][project][rep1][test-case][run1][verify]: INFO: Using config file from: validation_config.ini
[17:34:22][project][rep1][test-case][run1][verify]: INFO: Generated CSV and artifact matched exactly for column(s) ['pdp_actives', 'closure_cause'] | 2 column(s) passed
[17:34:22][project][rep1][test-case][run1][verify]: ALERT: Generated CSV and artifact did not match within relative tolerances for column(s) ['variance']. Test failing
[17:34:22][project][rep1][test-case][run1][verify]: ALERT: Artifact saved to ./generated_FAIL_RUNINDEX_1.csv
[17:34:22][project][rep1][test-case][run1][verify]: ALERT: Column 'variance'(ScaleFactor=1) expected [6.3] ± 20.0%, but recieved [10.2] at row 2
[17:34:22][project][rep1][test-case][run1][verify]: ERROR: Artifact comparison Failed
[17:34:22][project][rep1][test-case][run1][verify]: INFO: Generated CSV and artifact matched within absolute tolerances for column(s) ['abs_variance'] | 1 column(s) passed
[17:34:22][project][rep1][test-case][run1][verify]: INFO: Generated CSV and artifact matched exactly for summation of column(s) ['total_bytes_UL', 'total_bytes_DL'] | 2 column(s) passed
[17:34:22][project][rep1][test-case][run1][verify]: ERROR: Artifact comparison failed !
[17:34:39][project][rep1][test-case][run1][verify]: INFO: Artifact: expected.csv
[17:34:39][project][rep1][test-case][run1][verify]: INFO: Found generated csv: generated.csv
[17:34:39][project][rep1][test-case][run1][verify]: INFO: Using config file from: validation_config.ini
[17:34:39][project][rep1][test-case][run1][verify]: INFO: Generated CSV and artifact matched exactly for column(s) ['pdp_actives', 'closure_cause'] | 2 column(s) passed
[17:34:39][project][rep1][test-case][run1][verify]: ALERT: Generated CSV and artifact did not match within relative tolerances for column(s) ['variance']. Test failing
[17:34:39][project][rep1][test-case][run1][verify]: ALERT: Artifact saved to ./generated_FAIL_RUNINDEX_1.csv
[17:34:39][project][rep1][test-case][run1][verify]: ALERT: Column 'variance'(ScaleFactor=1) expected [6.3] ±] 20.0%, but recieved [10.2] at row 2
[17:34:39][project][rep1][test-case][run1][verify]: ERROR: Artifact comparison Failed
[17:34:39][project][rep1][test-case][run1][verify]: INFO: Generated CSV and artifact matched within absolute tolerances for column(s) ['abs_variance'] | 1 column(s) passed
[17:34:39][project][rep1][test-case][run1][verify]: INFO: Generated CSV and artifact matched exactly for summation of column(s) ['total_bytes_UL', 'total_bytes_DL'] | 2 column(s) passed
[17:34:39][project][rep1][test-case][run1][verify]: ERROR: Artifact comparison failed !
[17:45:30][project][rep1][test-case][run1][verify]: INFO: Artifact: expected.csv
[17:45:30][project][rep1][test-case][run1][verify]: INFO: Found generated csv: generated.csv
[17:45:30][project][rep1][test-case][run1][verify]: INFO: Using config file from: validation_config.ini
[17:45:30][project][rep1][test-case][run1][verify]: ALERT: Generated CSV and artifact did not match ['closure_cause', 'pdp_actives']. Test failing
[17:45:30][project][rep1][test-case][run1][verify]: ALERT: Artifact saved to ./generated_FAIL_RUNINDEX_1.csv
[17:45:30][project][rep1][test-case][run1][verify]: ALERT: Column 'closure_cause' expected [4]  , but recieved [3] at row 2
[17:45:30][project][rep1][test-case][run1][verify]: ALERT: Column 'pdp_actives' expected [2]  , but recieved [0] at row 1
[17:45:30][project][rep1][test-case][run1][verify]: ALERT: Generated CSV and artifact did not match within relative tolerances for column(s) ['variance']
[17:45:30][project][rep1][test-case][run1][verify]: ALERT: Artifact saved to ./generated_FAIL_RUNINDEX_1.csv
[17:45:30][project][rep1][test-case][run1][verify]: ALERT: Column 'variance'(ScaleFactor=1) expected [6.3] ± 20.0%, but recieved [10.2] at row 2
[17:45:30][project][rep1][test-case][run1][verify]: INFO: Generated CSV and artifact matched within absolute tolerances for column(s) ['abs_variance'] | 1 column(s) passed
[17:45:30][project][rep1][test-case][run1][verify]: INFO: Generated CSV and artifact matched exactly for summation of column(s) ['total_bytes_UL', 'total_bytes_DL'] | 2 column(s) passed
[17:45:30][project][rep1][test-case][run1][verify]: ERROR: Artifact comparison failed !
[17:47:04][project][rep1][test-case][run1][verify]: INFO: Artifact: expected.csv
[17:47:04][project][rep1][test-case][run1][verify]: INFO: Found generated csv: generated.csv
[17:47:04][project][rep1][test-case][run1][verify]: INFO: Using config file from: validation_config.ini
[17:47:04][project][rep1][test-case][run1][verify]: ALERT: Generated CSV and artifact did not match ['closure_cause', 'pdp_actives']. Test failing
[17:47:04][project][rep1][test-case][run1][verify]: ALERT: Artifact saved to ./generated_FAIL_RUNINDEX_1.csv
[17:47:04][project][rep1][test-case][run1][verify]: ALERT: Column 'closure_cause' expected [4]  , but recieved [3] at row 2
[17:47:04][project][rep1][test-case][run1][verify]: ALERT: Column 'pdp_actives' expected [2]  , but recieved [0] at row 1
[17:47:04][project][rep1][test-case][run1][verify]: INFO: Generated CSV and artifact matched within relative tolerances for column(s) ['variance'] | 1 column(s) passed
[17:47:04][project][rep1][test-case][run1][verify]: INFO: Generated CSV and artifact matched within absolute tolerances for column(s) ['abs_variance'] | 1 column(s) passed
[17:47:04][project][rep1][test-case][run1][verify]: INFO: Generated CSV and artifact matched exactly for summation of column(s) ['total_bytes_UL', 'total_bytes_DL'] | 2 column(s) passed
[17:47:04][project][rep1][test-case][run1][verify]: ERROR: Artifact comparison failed !
[17:53:06][project][rep1][test-case][run1][verify]: INFO: Artifact: expected.csv
[17:53:06][project][rep1][test-case][run1][verify]: INFO: Found generated csv: generated.csv
[17:53:06][project][rep1][test-case][run1][verify]: INFO: Using config file from: validation_config.ini
[17:53:06][project][rep1][test-case][run1][verify]: ALERT: Generated CSV and artifact did not match ['closure_cause', 'pdp_actives']. Test failing
[17:54:37][project][rep1][test-case][run1][verify]: INFO: Artifact: expected.csv
[17:54:38][project][rep1][test-case][run1][verify]: INFO: Found generated csv: generated.csv
[17:54:38][project][rep1][test-case][run1][verify]: INFO: Using config file from: validation_config.ini
[17:54:38][project][rep1][test-case][run1][verify]: ALERT: Generated CSV and artifact did not match ['closure_cause', 'pdp_actives']. Test failing
[17:54:38][project][rep1][test-case][run1][verify]: ALERT: Artifact saved to ./generated_FAIL_RUNINDEX_1.csv
[17:54:38][project][rep1][test-case][run1][verify]: ALERT: Column 'closure_cause' expected [4]  , but recieved [3] at row 2
[17:54:38][project][rep1][test-case][run1][verify]: ALERT: Column 'pdp_actives' expected [2]  , but recieved [0] at row 1
[17:54:38][project][rep1][test-case][run1][verify]: INFO: Generated CSV and artifact matched within relative tolerances for column(s) ['variance'] | 1 column(s) passed
[17:54:38][project][rep1][test-case][run1][verify]: INFO: Generated CSV and artifact matched within absolute tolerances for column(s) ['abs_variance'] | 1 column(s) passed
[17:54:38][project][rep1][test-case][run1][verify]: INFO: Generated CSV and artifact matched exactly for summation of column(s) ['total_bytes_UL', 'total_bytes_DL'] | 2 column(s) passed
[17:54:38][project][rep1][test-case][run1][verify]: ERROR: Artifact comparison failed !
[17:55:05][project][rep1][test-case][run1][verify]: INFO: Artifact: expected.csv
[17:55:05][project][rep1][test-case][run1][verify]: INFO: Found generated csv: generated.csv
[17:55:05][project][rep1][test-case][run1][verify]: INFO: Using config file from: validation_config.ini
[17:55:05][project][rep1][test-case][run1][verify]: ALERT: Generated CSV and artifact did not match ['closure_cause', 'pdp_actives']. Test failing
[17:55:06][project][rep1][test-case][run1][verify]: ALERT: Artifact saved to ./generated_FAIL_RUNINDEX_1.csv
[17:55:06][project][rep1][test-case][run1][verify]: ALERT: Column 'closure_cause' expected [4]  , but recieved [3] at row 2
[17:55:06][project][rep1][test-case][run1][verify]: ALERT: Column 'pdp_actives' expected [2]  , but recieved [0] at row 1
[17:55:06][project][rep1][test-case][run1][verify]: INFO: Generated CSV and artifact matched within relative tolerances for column(s) ['variance'] | 1 column(s) passed
[17:55:06][project][rep1][test-case][run1][verify]: ALERT: Generated CSV and artifact did not match within absolute tolerances for column(s) ['abs_variance']. Test failing
[17:55:06][project][rep1][test-case][run1][verify]: ALERT: Artifact saved to ./generated_FAIL_RUNINDEX_1.csv
[17:58:00][project][rep1][test-case][run1][verify]: INFO: Artifact: expected.csv
[17:58:00][project][rep1][test-case][run1][verify]: INFO: Found generated csv: generated.csv
[17:58:00][project][rep1][test-case][run1][verify]: INFO: Using config file from: validation_config.ini
[17:58:00][project][rep1][test-case][run1][verify]: ALERT: Generated CSV and artifact did not match ['closure_cause', 'pdp_actives']. Test failing
[17:58:00][project][rep1][test-case][run1][verify]: ALERT: Artifact saved to ./generated_FAIL_RUNINDEX_1.csv
[17:58:00][project][rep1][test-case][run1][verify]: INFO: Generated CSV and artifact matched within relative tolerances for column(s) ['variance'] | 1 column(s) passed
[17:58:00][project][rep1][test-case][run1][verify]: ALERT: Generated CSV and artifact did not match within absolute tolerances for column(s) ['abs_variance']. Test failing
[17:58:00][project][rep1][test-case][run1][verify]: ALERT: Artifact saved to ./generated_FAIL_RUNINDEX_1.csv
[17:58:00][project][rep1][test-case][run1][verify]: INFO: Generated CSV and artifact matched exactly for summation of column(s) ['total_bytes_UL', 'total_bytes_DL'] | 2 column(s) passed
[17:58:00][project][rep1][test-case][run1][verify]: ERROR: Artifact comparison failed !
[18:02:00][project][rep1][test-case][run1][verify]: INFO: Artifact: expected.csv
[18:02:00][project][rep1][test-case][run1][verify]: INFO: Found generated csv: generated.csv
[18:02:00][project][rep1][test-case][run1][verify]: INFO: Using config file from: validation_config.ini
[18:02:00][project][rep1][test-case][run1][verify]: ALERT: Generated CSV and artifact did not match ['closure_cause', 'pdp_actives']. Test failing
[18:03:03][project][rep1][test-case][run1][verify]: INFO: Artifact: expected.csv
[18:03:03][project][rep1][test-case][run1][verify]: INFO: Found generated csv: generated.csv
[18:03:03][project][rep1][test-case][run1][verify]: INFO: Using config file from: validation_config.ini
[18:03:03][project][rep1][test-case][run1][verify]: ALERT: Generated CSV and artifact did not match ['closure_cause', 'pdp_actives']. Test failing
[18:03:03][project][rep1][test-case][run1][verify]: ALERT: Column 'closure_cause' expected [4]  , but recieved [3] at row 2
[18:03:03][project][rep1][test-case][run1][verify]: ALERT: Column 'pdp_actives' expected [2]  , but recieved [0] at row 1
[18:03:03][project][rep1][test-case][run1][verify]: INFO: Generated CSV and artifact matched within relative tolerances for column(s) ['variance'] | 1 column(s) passed
[18:03:03][project][rep1][test-case][run1][verify]: ALERT: Generated CSV and artifact did not match within absolute tolerances for column(s) ['abs_variance']. Test failing
[18:03:03][project][rep1][test-case][run1][verify]: ALERT: Column 'abs_variance'(ScaleFactor=1) expected [any value] < 200.0, but recieved [201] at row 2
[18:03:03][project][rep1][test-case][run1][verify]: INFO: Generated CSV and artifact matched exactly for summation of column(s) ['total_bytes_UL', 'total_bytes_DL'] | 2 column(s) passed
[18:03:03][project][rep1][test-case][run1][verify]: ERROR: Artifact comparison failed !
[18:03:03][project][rep1][test-case][run1][verify]: ALERT: Artfact save to ./generated_FAIL_RUNINDEX_1.csv
[18:06:20][project][rep1][test-case][run1][verify]: INFO: Artifact: expected.csv
[18:06:20][project][rep1][test-case][run1][verify]: INFO: Found generated csv: generated.csv
[18:06:20][project][rep1][test-case][run1][verify]: INFO: Using config file from: validation_config.ini
[18:06:20][project][rep1][test-case][run1][verify]: ALERT: Generated CSV and artifact did not match ['closure_cause', 'pdp_actives']. Test failing
[18:06:20][project][rep1][test-case][run1][verify]: ALERT: Column 'closure_cause' expected [4]  , but recieved [3] at row 2
[18:06:20][project][rep1][test-case][run1][verify]: ALERT: Column 'pdp_actives' expected [2]  , but recieved [0] at row 1
[18:06:20][project][rep1][test-case][run1][verify]: INFO: Generated CSV and artifact matched within relative tolerances for column(s) ['variance'] | 1 column(s) passed
[18:06:20][project][rep1][test-case][run1][verify]: ALERT: Generated CSV and artifact did not match within absolute tolerances for column(s) ['abs_variance']. Test failing
[18:06:20][project][rep1][test-case][run1][verify]: ALERT: Column 'abs_variance'(ScaleFactor=1) expected [any value] < 200.0, but recieved [201] at row 2
[18:06:20][project][rep1][test-case][run1][verify]: INFO: Generated CSV and artifact matched exactly for summation of column(s) ['total_bytes_UL', 'total_bytes_DL'] | 2 column(s) passed
[18:06:20][project][rep1][test-case][run1][verify]: ERROR: Artifact comparison failed !
[18:06:20][project][rep1][test-case][run1][verify]: ALERT: Artfact save to ./generated_FAIL_RUNINDEX_1.csv
[18:15:18][project][rep1][test-case][run1][verify]: INFO: Artifact: expected.csv
[18:15:18][project][rep1][test-case][run1][verify]: INFO: Found generated csv: generated.csv
[18:15:18][project][rep1][test-case][run1][verify]: INFO: Using config file from: validation_config.ini
[18:15:18][project][rep1][test-case][run1][verify]: ALERT: Generated CSV and artifact did not match ['closure_cause', 'pdp_actives']. Test failing
[18:15:18][project][rep1][test-case][run1][verify]: ALERT: Column 'closure_cause' expected [4]  , but recieved [3] at row 2
[18:15:18][project][rep1][test-case][run1][verify]: ALERT: Column 'pdp_actives' expected [2]  , but recieved [0] at row 1
[18:15:18][project][rep1][test-case][run1][verify]: INFO: Generated CSV and artifact matched within relative tolerances for column(s) ['variance'] | 1 column(s) passed
[18:15:18][project][rep1][test-case][run1][verify]: ALERT: Generated CSV and artifact did not match within absolute tolerances for column(s) ['abs_variance']. Test failing
[18:15:18][project][rep1][test-case][run1][verify]: ALERT: Column 'abs_variance'(ScaleFactor=1) expected [any value] < 200.0, but recieved [201] at row 2
[18:15:18][project][rep1][test-case][run1][verify]: INFO: Generated CSV and artifact matched exactly for summation of column(s) ['total_bytes_UL', 'total_bytes_DL'] | 2 column(s) passed
[18:15:18][project][rep1][test-case][run1][verify]: ERROR: Artifact comparison failed !
[18:15:18][project][rep1][test-case][run1][verify]: ALERT: Artfact save to ./generated_FAIL_RUNINDEX_1.csv
[18:17:36][project][rep1][test-case][run1][verify]: INFO: Artifact: expected.csv
[18:17:36][project][rep1][test-case][run1][verify]: INFO: Found generated csv: generated.csv
[18:17:36][project][rep1][test-case][run1][verify]: INFO: Using config file from: validation_config.ini
[18:17:36][project][rep1][test-case][run1][verify]: ALERT: Generated CSV and artifact did not match ['closure_cause', 'pdp_actives']. Test failing
[18:17:36][project][rep1][test-case][run1][verify]: ALERT: Column 'closure_cause' expected [4]  , but recieved [3] at row 2
[18:17:36][project][rep1][test-case][run1][verify]: ALERT: Column 'pdp_actives' expected [2]  , but recieved [0] at row 1
[18:17:36][project][rep1][test-case][run1][verify]: INFO: Generated CSV and artifact matched within relative tolerances for column(s) ['variance'] | 1 column(s) passed
[18:17:36][project][rep1][test-case][run1][verify]: ALERT: Generated CSV and artifact did not match within absolute tolerances for column(s) ['abs_variance']. Test failing
[18:17:36][project][rep1][test-case][run1][verify]: ALERT: Column 'abs_variance'(ScaleFactor=1) expected [any value] < 200.0, but recieved [201] at row 2
[18:17:36][project][rep1][test-case][run1][verify]: INFO: Generated CSV and artifact matched exactly for summation of column(s) ['total_bytes_UL', 'total_bytes_DL'] | 2 column(s) passed
[18:17:36][project][rep1][test-case][run1][verify]: ERROR: Artifact comparison failed !
[18:17:36][project][rep1][test-case][run1][verify]: ALERT: Artfact save to ./generated_FAIL_RUNINDEX_1.csv
[18:17:55][project][rep1][test-case][run1][verify]: INFO: Artifact: expected.csv
[18:17:55][project][rep1][test-case][run1][verify]: INFO: Found generated csv: generated.csv
[18:17:55][project][rep1][test-case][run1][verify]: INFO: Using config file from: validation_config.ini
[18:17:55][project][rep1][test-case][run1][verify]: ALERT: Generated CSV and artifact did not match ['closure_cause', 'pdp_actives']. Test failing
[18:17:55][project][rep1][test-case][run1][verify]: ALERT: Column 'closure_cause' expected [4]  , but recieved [3] at row 2
[18:17:55][project][rep1][test-case][run1][verify]: ALERT: Column 'pdp_actives' expected [2]  , but recieved [0] at row 1
[18:17:55][project][rep1][test-case][run1][verify]: INFO: Generated CSV and artifact matched within relative tolerances for column(s) ['variance'] | 1 column(s) passed
[18:17:55][project][rep1][test-case][run1][verify]: ALERT: Generated CSV and artifact did not match within absolute tolerances for column(s) ['abs_variance']. Test failing
[18:18:40][project][rep1][test-case][run1][verify]: INFO: Artifact: expected.csv
[18:18:40][project][rep1][test-case][run1][verify]: INFO: Found generated csv: generated.csv
[18:18:40][project][rep1][test-case][run1][verify]: INFO: Using config file from: validation_config.ini
[18:18:40][project][rep1][test-case][run1][verify]: ALERT: Generated CSV and artifact did not match ['closure_cause', 'pdp_actives']. Test failing
[18:18:40][project][rep1][test-case][run1][verify]: ALERT: Column 'closure_cause' expected [4]  , but recieved [3] at row 2
[18:18:40][project][rep1][test-case][run1][verify]: ALERT: Column 'pdp_actives' expected [2]  , but recieved [0] at row 1
[18:18:40][project][rep1][test-case][run1][verify]: INFO: Generated CSV and artifact matched within relative tolerances for column(s) ['variance'] | 1 column(s) passed
[18:18:40][project][rep1][test-case][run1][verify]: ALERT: Generated CSV and artifact did not match within absolute tolerances for column(s) ['abs_variance']. Test failing
[18:18:40][project][rep1][test-case][run1][verify]: ALERT: Column 'abs_variance'(ScaleFactor=1) expected [any value] < 200.0, but recieved [201] at row 2
[18:18:40][project][rep1][test-case][run1][verify]: INFO: Generated CSV and artifact matched exactly for summation of column(s) ['total_bytes_UL', 'total_bytes_DL'] | 2 column(s) passed
[18:18:40][project][rep1][test-case][run1][verify]: ERROR: Artifact comparison failed !
[18:18:40][project][rep1][test-case][run1][verify]: ALERT: Artfact save to ./generated_FAIL_RUNINDEX_1.csv
[19:20:59][project][rep1][test-case][run1][verify]: INFO: Artifact: expected.csv
[19:20:59][project][rep1][test-case][run1][verify]: INFO: Found generated csv: generated.csv
[19:20:59][project][rep1][test-case][run1][verify]: INFO: Using config file from: validation_config.ini
[19:20:59][project][rep1][test-case][run1][verify]: ALERT: Generated CSV and artifact did not match ['closure_cause', 'pdp_actives']. Test failing
[19:20:59][project][rep1][test-case][run1][verify]: ALERT: Column 'closure_cause' expected [4]  , but recieved [3] at row 2
[19:20:59][project][rep1][test-case][run1][verify]: ALERT: Column 'pdp_actives' expected [2]  , but recieved [0] at row 1
[19:20:59][project][rep1][test-case][run1][verify]: INFO: Generated CSV and artifact matched within relative tolerances for column(s) ['variance'] | 1 column(s) passed
[19:20:59][project][rep1][test-case][run1][verify]: ALERT: Generated CSV and artifact did not match within absolute tolerances for column(s) ['abs_variance']. Test failing
[19:20:59][project][rep1][test-case][run1][verify]: ALERT: Column 'abs_variance'(ScaleFactor=1) expected [any value] < 200.0, but recieved [201] at row 2
[19:20:59][project][rep1][test-case][run1][verify]: INFO: Generated CSV and artifact matched exactly for summation of column(s) ['total_bytes_UL', 'total_bytes_DL'] | 2 column(s) passed
[19:20:59][project][rep1][test-case][run1][verify]: ERROR: Artifact comparison failed !
[19:20:59][project][rep1][test-case][run1][verify]: ALERT: Artfact save to ./generated_FAIL_RUNINDEX_1.csv
[19:21:02][project][rep1][test-case][run1][verify]: INFO: Artifact: expected.csv
[19:21:02][project][rep1][test-case][run1][verify]: INFO: Found generated csv: generated.csv
[19:21:02][project][rep1][test-case][run1][verify]: INFO: Using config file from: validation_config.ini
[19:21:02][project][rep1][test-case][run1][verify]: ALERT: Generated CSV and artifact did not match ['closure_cause', 'pdp_actives']. Test failing
[19:21:02][project][rep1][test-case][run1][verify]: ALERT: Column 'closure_cause' expected [4]  , but recieved [3] at row 2
[19:21:02][project][rep1][test-case][run1][verify]: ALERT: Column 'pdp_actives' expected [2]  , but recieved [0] at row 1
[19:21:02][project][rep1][test-case][run1][verify]: INFO: Generated CSV and artifact matched within relative tolerances for column(s) ['variance'] | 1 column(s) passed
[19:21:02][project][rep1][test-case][run1][verify]: ALERT: Generated CSV and artifact did not match within absolute tolerances for column(s) ['abs_variance']. Test failing
[19:21:03][project][rep1][test-case][run1][verify]: ALERT: Column 'abs_variance'(ScaleFactor=1) expected [any value] < 200.0, but recieved [201] at row 2
[19:21:03][project][rep1][test-case][run1][verify]: INFO: Generated CSV and artifact matched exactly for summation of column(s) ['total_bytes_UL', 'total_bytes_DL'] | 2 column(s) passed
[19:21:03][project][rep1][test-case][run1][verify]: ERROR: Artifact comparison failed !
[19:21:03][project][rep1][test-case][run1][verify]: ALERT: Artfact save to ./generated_FAIL_RUNINDEX_1.csv
[19:23:38][project][rep1][test-case][run1][verify]: INFO: Artifact: expected.csv
[19:23:38][project][rep1][test-case][run1][verify]: INFO: Found generated csv: generated.csv
[19:23:38][project][rep1][test-case][run1][verify]: INFO: Using config file from: validation_config.ini
[19:23:38][project][rep1][test-case][run1][verify]: ALERT: Generated CSV and artifact did not match ['closure_cause', 'pdp_actives']. Test failing
[19:23:38][project][rep1][test-case][run1][verify]: ALERT: Column 'closure_cause' expected [4]  , but recieved [3] at row 2
[19:23:38][project][rep1][test-case][run1][verify]: ALERT: Column 'pdp_actives' expected [2]  , but recieved [0] at row 1
[19:23:38][project][rep1][test-case][run1][verify]: INFO: Generated CSV and artifact matched within relative tolerances for column(s) ['variance'] | 1 column(s) passed
[19:23:38][project][rep1][test-case][run1][verify]: ALERT: Generated CSV and artifact did not match within absolute tolerances for column(s) ['abs_variance']. Test failing
[19:23:38][project][rep1][test-case][run1][verify]: ALERT: Column 'abs_variance'(ScaleFactor=1) expected [any value] < 200.0, but recieved [201] at row 2
[19:23:38][project][rep1][test-case][run1][verify]: INFO: Generated CSV and artifact matched exactly for summation of column(s) ['total_bytes_UL', 'total_bytes_DL'] | 2 column(s) passed
[19:23:38][project][rep1][test-case][run1][verify]: ERROR: Artifact comparison failed !
[19:23:38][project][rep1][test-case][run1][verify]: ALERT: Artfact save to ./generated_FAIL_RUNINDEX_1.csv
[19:23:43][project][rep1][test-case][run1][verify]: INFO: Artifact: expected.csv
[19:23:43][project][rep1][test-case][run1][verify]: INFO: Found generated csv: generated.csv
[19:23:43][project][rep1][test-case][run1][verify]: INFO: Using config file from: validation_config.ini
[19:23:43][project][rep1][test-case][run1][verify]: ALERT: Generated CSV and artifact did not match ['closure_cause', 'pdp_actives']. Test failing
[19:23:43][project][rep1][test-case][run1][verify]: ALERT: Column 'closure_cause' expected [4]  , but recieved [3] at row 2
[19:23:43][project][rep1][test-case][run1][verify]: ALERT: Column 'pdp_actives' expected [2]  , but recieved [0] at row 1
[19:23:43][project][rep1][test-case][run1][verify]: INFO: Generated CSV and artifact matched within relative tolerances for column(s) ['variance'] | 1 column(s) passed
[19:23:43][project][rep1][test-case][run1][verify]: ALERT: Generated CSV and artifact did not match within absolute tolerances for column(s) ['abs_variance']. Test failing
[19:23:43][project][rep1][test-case][run1][verify]: ALERT: Column 'abs_variance'(ScaleFactor=1) expected [any value] < 200.0, but recieved [201] at row 2
[19:23:43][project][rep1][test-case][run1][verify]: INFO: Generated CSV and artifact matched exactly for summation of column(s) ['total_bytes_UL', 'total_bytes_DL'] | 2 column(s) passed
[19:23:43][project][rep1][test-case][run1][verify]: ERROR: Artifact comparison failed !
[19:23:43][project][rep1][test-case][run1][verify]: ALERT: Artfact save to ./generated_FAIL_RUNINDEX_1.csv
[14:59:30][project][rep1][test-case][run1][verify]: INFO: Artifact: expected.csv
[14:59:30][project][rep1][test-case][run1][verify]: INFO: Found generated csv: generated.csv
[14:59:30][project][rep1][test-case][run1][verify]: INFO: Using config file from: validation_config.ini
[14:59:30][project][rep1][test-case][run1][verify]: ALERT: Generated CSV and artifact did not match ['closure_cause', 'pdp_actives']. Test failing
[14:59:30][project][rep1][test-case][run1][verify]: ALERT: Column 'closure_cause' expected [4]  , but recieved [3] at row 2
[14:59:30][project][rep1][test-case][run1][verify]: ALERT: Column 'pdp_actives' expected [2]  , but recieved [0] at row 1
[14:59:30][project][rep1][test-case][run1][verify]: INFO: Generated CSV and artifact matched within relative tolerances for column(s) ['variance'] | 1 column(s) passed
[14:59:30][project][rep1][test-case][run1][verify]: ALERT: Generated CSV and artifact did not match within absolute tolerances for column(s) ['abs_variance']. Test failing
[14:59:30][project][rep1][test-case][run1][verify]: ALERT: Column 'abs_variance'(ScaleFactor=1) expected [any value] < 200.0, but recieved [201] at row 2
[14:59:30][project][rep1][test-case][run1][verify]: INFO: Generated CSV and artifact matched exactly for summation of column(s) ['total_bytes_UL', 'total_bytes_DL'] | 2 column(s) passed
[14:59:30][project][rep1][test-case][run1][verify]: ERROR: Artifact comparison failed !
[14:59:30][project][rep1][test-case][run1][verify]: ALERT: Artfact save to ./generated_FAIL_RUNINDEX_1.csv
[15:03:55][project][rep1][test-case][run1][verify]: INFO: Artifact: expected.csv
[15:03:55][project][rep1][test-case][run1][verify]: INFO: Found generated csv: generated.csv
[15:03:55][project][rep1][test-case][run1][verify]: INFO: Using config file from: validation_config.ini
[15:03:55][project][rep1][test-case][run1][verify]: ALERT: Generated CSV and artifact did not match ['closure_cause', 'pdp_actives']. Test failing
[15:03:55][project][rep1][test-case][run1][verify]: ALERT: Column 'closure_cause' expected [4]  , but recieved [3] at row 2
[15:03:55][project][rep1][test-case][run1][verify]: ALERT: Column 'pdp_actives' expected [2]  , but recieved [0] at row 1
[15:03:55][project][rep1][test-case][run1][verify]: INFO: Generated CSV and artifact matched within relative tolerances for column(s) ['variance'] | 1 column(s) passed
[15:03:55][project][rep1][test-case][run1][verify]: ALERT: Generated CSV and artifact did not match within absolute tolerances for column(s) ['abs_variance']. Test failing
[15:03:55][project][rep1][test-case][run1][verify]: ALERT: Column 'abs_variance'(ScaleFactor=1) expected [any value] < 200.0, but recieved [201] at row 2
[15:03:55][project][rep1][test-case][run1][verify]: INFO: Generated CSV and artifact matched exactly for summation of column(s) ['total_bytes_UL', 'total_bytes_DL'] | 2 column(s) passed
[15:03:55][project][rep1][test-case][run1][verify]: ERROR: Artifact comparison failed !
[15:03:55][project][rep1][test-case][run1][verify]: ALERT: Artfact save to ./generated_FAIL_RUNINDEX_1.csv
[15:11:25][project][rep1][test-case][run1][verify]: INFO: Artifact: expected.csv
[15:11:25][project][rep1][test-case][run1][verify]: INFO: Found generated csv: generated.csv
[15:11:25][project][rep1][test-case][run1][verify]: INFO: Using config file from: validation_config.ini
[15:11:25][project][rep1][test-case][run1][verify]: ALERT: Generated CSV and artifact did not match ['closure_cause', 'pdp_actives']. Test failing
[15:12:11][project][rep1][test-case][run1][verify]: INFO: Artifact: expected.csv
[15:12:11][project][rep1][test-case][run1][verify]: INFO: Found generated csv: generated.csv
[15:12:11][project][rep1][test-case][run1][verify]: INFO: Using config file from: validation_config.ini
[15:12:12][project][rep1][test-case][run1][verify]: ALERT: Generated CSV and artifact did not match ['closure_cause', 'pdp_actives']. Test failing
[15:13:30][project][rep1][test-case][run1][verify]: INFO: Artifact: expected.csv
[15:13:30][project][rep1][test-case][run1][verify]: INFO: Found generated csv: generated.csv
[15:13:30][project][rep1][test-case][run1][verify]: INFO: Using config file from: validation_config.ini
[15:13:30][project][rep1][test-case][run1][verify]: ALERT: Generated CSV and artifact did not match ['closure_cause', 'pdp_actives']. Test failing
[15:14:49][project][rep1][test-case][run1][verify]: INFO: Artifact: expected.csv
[15:14:49][project][rep1][test-case][run1][verify]: INFO: Found generated csv: generated.csv
[15:14:49][project][rep1][test-case][run1][verify]: INFO: Using config file from: validation_config.ini
[15:14:49][project][rep1][test-case][run1][verify]: ALERT: Generated CSV and artifact did not match ['closure_cause', 'pdp_actives']. Test failing
[15:15:16][project][rep1][test-case][run1][verify]: INFO: Artifact: expected.csv
[15:15:16][project][rep1][test-case][run1][verify]: INFO: Found generated csv: generated.csv
[15:15:16][project][rep1][test-case][run1][verify]: INFO: Using config file from: validation_config.ini
[15:15:16][project][rep1][test-case][run1][verify]: ALERT: Generated CSV and artifact did not match ['closure_cause', 'pdp_actives']. Test failing
[15:15:16][project][rep1][test-case][run1][verify]: ALERT: Column 'closure_cause' expected [4]  , but recieved [3] at row 2
[15:15:16][project][rep1][test-case][run1][verify]: ALERT: Column 'pdp_actives' expected [2]  , but recieved [0] at row 1
[15:15:16][project][rep1][test-case][run1][verify]: ALERT: Artfact save to ./generated_FAIL_RUNINDEX_1exact.csv
[15:15:16][project][rep1][test-case][run1][verify]: INFO: Generated CSV and artifact matched within relative tolerances for column(s) ['variance'] | 1 column(s) passed
[15:15:16][project][rep1][test-case][run1][verify]: ALERT: Generated CSV and artifact did not match within absolute tolerances for column(s) ['abs_variance']. Test failing
[15:15:16][project][rep1][test-case][run1][verify]: ALERT: Column 'abs_variance'(ScaleFactor=1) expected [any value] < 200.0, but recieved [201] at row 2
[15:15:16][project][rep1][test-case][run1][verify]: ALERT: Artfact save to ./generated_FAIL_RUNINDEX_1absolute.csv
[15:15:16][project][rep1][test-case][run1][verify]: INFO: Generated CSV and artifact matched exactly for summation of column(s) ['total_bytes_UL', 'total_bytes_DL'] | 2 column(s) passed
[15:15:16][project][rep1][test-case][run1][verify]: ERROR: Artifact comparison failed !
[15:18:02][project][rep1][test-case][run1][verify]: INFO: Artifact: expected.csv
[15:18:02][project][rep1][test-case][run1][verify]: INFO: Found generated csv: generated.csv
[15:18:02][project][rep1][test-case][run1][verify]: INFO: Using config file from: validation_config.ini
[15:18:02][project][rep1][test-case][run1][verify]: ALERT: Generated CSV and artifact did not match ['closure_cause', 'pdp_actives']. Test failing
[15:18:02][project][rep1][test-case][run1][verify]: ALERT: Column 'closure_cause' expected [4]  , but recieved [3] at row 2
[15:18:02][project][rep1][test-case][run1][verify]: ALERT: Column 'pdp_actives' expected [2]  , but recieved [0] at row 1
[15:18:02][project][rep1][test-case][run1][verify]: ALERT: Artfact save to ./generated_exact_FAIL_RUNINDEX_1.csv
[15:18:02][project][rep1][test-case][run1][verify]: INFO: Generated CSV and artifact matched within relative tolerances for column(s) ['variance'] | 1 column(s) passed
[15:18:02][project][rep1][test-case][run1][verify]: ALERT: Generated CSV and artifact did not match within absolute tolerances for column(s) ['abs_variance']. Test failing
[15:18:02][project][rep1][test-case][run1][verify]: ALERT: Column 'abs_variance'(ScaleFactor=1) expected [any value] < 200.0, but recieved [201] at row 2
[15:18:02][project][rep1][test-case][run1][verify]: ALERT: Artfact save to ./generated_absolute_FAIL_RUNINDEX_1.csv
[15:18:02][project][rep1][test-case][run1][verify]: INFO: Generated CSV and artifact matched exactly for summation of column(s) ['total_bytes_UL', 'total_bytes_DL'] | 2 column(s) passed
[15:18:02][project][rep1][test-case][run1][verify]: ERROR: Artifact comparison failed !
[16:16:39][project][rep1][test-case][run1][verify]: INFO: Artifact: expected.csv
[16:16:39][project][rep1][test-case][run1][verify]: INFO: Found generated csv: generated.csv
[16:16:39][project][rep1][test-case][run1][verify]: INFO: Using config file from: validation_config.ini
[16:16:39][project][rep1][test-case][run1][verify]: ALERT: Generated CSV and artifact did not match ['closure_cause', 'pdp_actives']. Test failing
[16:16:39][project][rep1][test-case][run1][verify]: ALERT: Column 'closure_cause' expected [4]  , but recieved [3] at row 2
[16:16:39][project][rep1][test-case][run1][verify]: ALERT: Column 'pdp_actives' expected [2]  , but recieved [0] at row 1
[16:16:39][project][rep1][test-case][run1][verify]: ALERT: Artfact save to ./generated_exact_FAIL_RUNINDEX_1.csv
[16:16:39][project][rep1][test-case][run1][verify]: INFO: Generated CSV and artifact matched within relative tolerances for column(s) ['variance'] | 1 column(s) passed
[16:16:39][project][rep1][test-case][run1][verify]: ALERT: Generated CSV and artifact did not match within absolute tolerances for column(s) ['abs_variance']. Test failing
[16:16:39][project][rep1][test-case][run1][verify]: ALERT: Column 'abs_variance'(ScaleFactor=1) expected [any value] < 200.0, but recieved [201] at row 2
[16:16:39][project][rep1][test-case][run1][verify]: ALERT: Artfact save to ./generated_absolute_FAIL_RUNINDEX_1.csv
[16:16:40][project][rep1][test-case][run1][verify]: INFO: Generated CSV and artifact matched exactly for summation of column(s) ['total_bytes_UL', 'total_bytes_DL'] | 2 column(s) passed
[16:16:40][project][rep1][test-case][run1][verify]: ERROR: Artifact comparison failed !
[16:03:45][project][rep1][test-case][run1][verify]: INFO: Artifact: expected.csv
[16:03:45][project][rep1][test-case][run1][verify]: INFO: Found generated csv: generated.csv
[16:03:45][project][rep1][test-case][run1][verify]: INFO: Using config file from: validation_config.ini
[16:03:45][project][rep1][test-case][run1][verify]: ALERT: Generated CSV and artifact did not match ['closure_cause', 'pdp_actives']. Test failing
[16:03:45][project][rep1][test-case][run1][verify]: ALERT: Column 'closure_cause' expected [4]  , but recieved [3] at row 2
[16:03:45][project][rep1][test-case][run1][verify]: ALERT: Column 'pdp_actives' expected [2]  , but recieved [0] at row 1
[16:03:45][project][rep1][test-case][run1][verify]: ALERT: Artfact save to ./generated_exact_FAIL_RUNINDEX_1.csv
[16:03:45][project][rep1][test-case][run1][verify]: INFO: Generated CSV and artifact matched within relative tolerances for column(s) ['variance'] | 1 column(s) passed
[16:03:45][project][rep1][test-case][run1][verify]: ALERT: Generated CSV and artifact did not match within absolute tolerances for column(s) ['abs_variance']. Test failing
[16:03:45][project][rep1][test-case][run1][verify]: ALERT: Column 'abs_variance'(ScaleFactor=1) expected [any value] < 200.0, but recieved [201] at row 2
[16:03:45][project][rep1][test-case][run1][verify]: ALERT: Artfact save to ./generated_absolute_FAIL_RUNINDEX_1.csv
[16:03:45][project][rep1][test-case][run1][verify]: INFO: Generated CSV and artifact matched exactly for summation of column(s) ['total_bytes_UL', 'total_bytes_DL'] | 2 column(s) passed
[16:03:45][project][rep1][test-case][run1][verify]: ERROR: Artifact comparison failed !
[18:14:29][Ireland][rep2][case1][run1][verify]: INFO: Artifact: expected.csv
[18:14:29][Ireland][rep2][case1][run1][verify]: INFO: Found generated csv: generated.csv
[18:14:29][Ireland][rep2][case1][run1][verify]: INFO: Using config file from: validation_config.ini
[18:14:29][Ireland][rep2][case1][run1][verify]: ALERT: Generated CSV and artifact did not match ['closure_cause', 'pdp_actives']. Test failing
[18:14:29][Ireland][rep2][case1][run1][verify]: ALERT: Column 'closure_cause' expected [4]  , but recieved [3] at row 2
[18:14:29][Ireland][rep2][case1][run1][verify]: ALERT: Column 'pdp_actives' expected [2]  , but recieved [0] at row 1
[18:14:29][Ireland][rep2][case1][run1][verify]: ALERT: Artfact save to ./generated_exact_FAIL_RUNINDEX_1.csv
[18:14:29][Ireland][rep2][case1][run1][verify]: INFO: Generated CSV and artifact matched within relative tolerances for column(s) ['variance'] | 1 column(s) passed
[18:14:29][Ireland][rep2][case1][run1][verify]: ALERT: Generated CSV and artifact did not match within absolute tolerances for column(s) ['abs_variance']. Test failing
[18:14:29][Ireland][rep2][case1][run1][verify]: ALERT: Column 'abs_variance'(ScaleFactor=1) expected [any value] < 200.0, but recieved [201] at row 2
[18:14:29][Ireland][rep2][case1][run1][verify]: ALERT: Artfact save to ./generated_absolute_FAIL_RUNINDEX_1.csv
[18:14:29][Ireland][rep2][case1][run1][verify]: INFO: Generated CSV and artifact matched exactly for summation of column(s) ['total_bytes_UL', 'total_bytes_DL'] | 2 column(s) passed
[18:14:29][Ireland][rep2][case1][run1][verify]: ERROR: Artifact comparison failed !
[18:16:30][Ireland][rep2][case1][run1][verify]: INFO: Artifact: expected.csv
[18:16:30][Ireland][rep2][case1][run1][verify]: INFO: Found generated csv: generated.csv
[18:16:30][Ireland][rep2][case1][run1][verify]: INFO: Using config file from: validation_config.ini
[18:16:30][Ireland][rep2][case1][run1][verify]: ALERT: Generated CSV and artifact did not match ['closure_cause', 'pdp_actives']. Test failing
[18:16:30][Ireland][rep2][case1][run1][verify]: ALERT: Column 'closure_cause' expected [4]  , but recieved [3] at row 2
[18:16:30][Ireland][rep2][case1][run1][verify]: ALERT: Column 'pdp_actives' expected [2]  , but recieved [0] at row 1
[18:16:30][Ireland][rep2][case1][run1][verify]: ALERT: Artfact save to ./generated_exact_FAIL_RUNINDEX_1.csv
[18:17:08][Ireland][rep2][case1][run1][verify]: INFO: Artifact: expected.csv
[18:17:08][Ireland][rep2][case1][run1][verify]: INFO: Found generated csv: generated.csv
[18:17:08][Ireland][rep2][case1][run1][verify]: INFO: Using config file from: validation_config.ini
[18:17:08][Ireland][rep2][case1][run1][verify]: ALERT: Generated CSV and artifact did not match ['closure_cause', 'pdp_actives']. Test failing
[18:17:08][Ireland][rep2][case1][run1][verify]: ALERT: Column 'closure_cause' expected [4]  , but recieved [3] at row 2
[18:17:08][Ireland][rep2][case1][run1][verify]: ALERT: Column 'pdp_actives' expected [2]  , but recieved [0] at row 1
[18:17:08][Ireland][rep2][case1][run1][verify]: ALERT: Artfact save to ./generated_exact_FAIL_RUNINDEX_1.csv
[18:17:08][Ireland][rep2][case1][run1][verify]: INFO: Generated CSV and artifact matched within relative tolerances for column(s) ['variance'] | 1 column(s) passed
[18:17:08][Ireland][rep2][case1][run1][verify]: ALERT: Generated CSV and artifact did not match within absolute tolerances for column(s) ['abs_variance']. Test failing
[18:17:08][Ireland][rep2][case1][run1][verify]: ALERT: Column 'abs_variance'(ScaleFactor=1) expected [any value] < 200.0, but recieved [201] at row 2
[18:17:08][Ireland][rep2][case1][run1][verify]: ALERT: Artfact save to ./generated_absolute_FAIL_RUNINDEX_1.csv
[18:17:08][Ireland][rep2][case1][run1][verify]: INFO: Generated CSV and artifact matched exactly for summation of column(s) ['total_bytes_UL', 'total_bytes_DL'] | 2 column(s) passed
[18:17:08][Ireland][rep2][case1][run1][verify]: ERROR: Artifact comparison failed !
[18:17:52][Ireland][rep2][case1][run1][verify]: INFO: Artifact: expected.csv
[18:17:52][Ireland][rep2][case1][run1][verify]: INFO: Found generated csv: generated.csv
[18:17:52][Ireland][rep2][case1][run1][verify]: INFO: Using config file from: validation_config.ini
[18:17:52][Ireland][rep2][case1][run1][verify]: ALERT: Generated CSV and artifact did not match ['closure_cause', 'pdp_actives']. Test failing
[18:17:52][Ireland][rep2][case1][run1][verify]: ALERT: Column 'closure_cause' expected [4]  , but recieved [3] at row 2
[18:17:52][Ireland][rep2][case1][run1][verify]: ALERT: Column 'pdp_actives' expected [2]  , but recieved [0] at row 1
[18:17:52][Ireland][rep2][case1][run1][verify]: ALERT: Artfact save to ./generated_exact_FAIL_RUNINDEX_1.csv
[18:17:52][Ireland][rep2][case1][run1][verify]: INFO: Generated CSV and artifact matched within relative tolerances for column(s) ['variance'] | 1 column(s) passed
[18:17:52][Ireland][rep2][case1][run1][verify]: ALERT: Generated CSV and artifact did not match within absolute tolerances for column(s) ['abs_variance']. Test failing
[18:17:52][Ireland][rep2][case1][run1][verify]: ALERT: Column 'abs_variance'(ScaleFactor=1) expected [any value] < 200.0, but recieved [201] at row 2
[18:17:52][Ireland][rep2][case1][run1][verify]: ALERT: Artfact save to ./generated_absolute_FAIL_RUNINDEX_1.csv
[18:17:52][Ireland][rep2][case1][run1][verify]: INFO: Generated CSV and artifact matched exactly for summation of column(s) ['total_bytes_UL', 'total_bytes_DL'] | 2 column(s) passed
[18:17:52][Ireland][rep2][case1][run1][verify]: ERROR: Artifact comparison failed !
